<?xml version="1.0" encoding="UTF-8"?>
<testsuite xmlns:xsi="http://www.w3.org/2001/XMLSchema-instance" xsi:noNamespaceSchemaLocation="https://maven.apache.org/surefire/maven-surefire-plugin/xsd/surefire-test-report.xsd" name="uk.ac.leeds.ccg.andyt.generic.time.Generic_DateTest" time="0.071" tests="5" errors="0" skipped="0" failures="0">
  <properties>
[...]
</properties>
  <testcase name="testGetYYYYMMDD_String" classname="uk.ac.leeds.ccg.andyt.generic.time.Generic_DateTest" time="0.024"/>
  <testcase name="testAddDays" classname="uk.ac.leeds.ccg.andyt.generic.time.Generic_DateTest" time="0.017"/>
  <testcase name="testGetDD" classname="uk.ac.leeds.ccg.andyt.generic.time.Generic_DateTest" time="0.008"/>
  <testcase name="testGetYYYYMMDD_0args" classname="uk.ac.leeds.ccg.andyt.generic.time.Generic_DateTest" time="0.01"/>
  <testcase name="testIsSameDay" classname="uk.ac.leeds.ccg.andyt.generic.time.Generic_DateTest" time="0.01"/>
</testsuite>