<?xml version="1.0" encoding="UTF-8" ?>
<testsuite tests="13" failures="0" name="uk.ac.leeds.ccg.andyt.generic.math.Generic_BigIntegerTest" time="0.328" errors="0" skipped="0">
  <properties>
[...]
</properties>
  <testcase classname="uk.ac.leeds.ccg.andyt.generic.math.Generic_BigIntegerTest" name="testCeiling" time="0.008"/>
  <testcase classname="uk.ac.leeds.ccg.andyt.generic.math.Generic_BigIntegerTest" name="testFloor" time="0"/>
  <testcase classname="uk.ac.leeds.ccg.andyt.generic.math.Generic_BigIntegerTest" name="testMin" time="0.001"/>
  <testcase classname="uk.ac.leeds.ccg.andyt.generic.math.Generic_BigIntegerTest" name="testFactorial" time="0"/>
  <testcase classname="uk.ac.leeds.ccg.andyt.generic.math.Generic_BigIntegerTest" name="testPower_4args_1" time="0"/>
  <testcase classname="uk.ac.leeds.ccg.andyt.generic.math.Generic_BigIntegerTest" name="testPower_4args_2" time="0.2"/>
  <testcase classname="uk.ac.leeds.ccg.andyt.generic.math.Generic_BigIntegerTest" name="testReciprocal" time="0"/>
  <testcase classname="uk.ac.leeds.ccg.andyt.generic.math.Generic_BigIntegerTest" name="testGetRandom" time="0.031"/>
  <testcase classname="uk.ac.leeds.ccg.andyt.generic.math.Generic_BigIntegerTest" name="test_getPowersOfTwoDecomposition_1args" time="0"/>
  <testcase classname="uk.ac.leeds.ccg.andyt.generic.math.Generic_BigIntegerTest" name="test_getPowersOfTwoDecomposition_1args_test1" time="0"/>
  <testcase classname="uk.ac.leeds.ccg.andyt.generic.math.Generic_BigIntegerTest" name="test_getPowersOfTwoDecomposition_1args_test2" time="0.001"/>
  <testcase classname="uk.ac.leeds.ccg.andyt.generic.math.Generic_BigIntegerTest" name="test_getPowersOfTwoDecomposition_1args_test3" time="0"/>
  <testcase classname="uk.ac.leeds.ccg.andyt.generic.math.Generic_BigIntegerTest" name="testMax" time="0"/>
</testsuite>